<?xml version="1.0" encoding="UTF-8"?>
<!-- Generated by org.testng.reporters.JUnitXMLReporter -->
<testsuite ignored="1" hostname="Mohan-PC" failures="0" tests="4" name="Default test" time="0.7" errors="0" timestamp="2023-08-05T21:01:49 IST">
  <testcase classname="Practice.TestNG_DataProvider" name="Demo" time="0.039"/>
  <testcase classname="Practice.TestNG_DataProvider" name="Demo" time="0.006"/>
  <testcase classname="Practice.TestNG_DataProvider" name="Demo" time="0.009"/>
  <testcase classname="Practice.TestNG_Parameters" name="sampleTest2" time="0.005"/>
  <testcase classname="Practice.TestNG_Parameters" name="sampleTest" time="0.0">
    <ignored/>
  </testcase> <!-- sampleTest -->
</testsuite> <!-- Default test -->
