<?xml version="1.0" encoding="UTF-8"?>
<!-- Generated by org.testng.reporters.JUnitXMLReporter -->
<testsuite ignored="0" hostname="Mohan-PC" failures="1" tests="5" name="tESTING" time="0.485" errors="0" timestamp="2023-08-05T21:09:02 IST">
  <testcase classname="Practice.TestNG_DataProvider" name="Demo" time="0.026"/>
  <testcase classname="Practice.TestNG_DataProvider" name="Demo" time="0.017"/>
  <testcase classname="Practice.TestNG_DataProvider" name="Demo" time="0.006"/>
  <testcase classname="Practice.TestNG_Parameters" name="sampleTest" time="0.0">
    <failure type="org.testng.TestNGException" message="
Parameter &amp;apos;URL&amp;apos; is required by @Test on method sampleTest but has not been marked @Optional or defined
in C:\Users\Mohan\eclipse-workspace\One\testng.xml">
      <![CDATA[org.testng.TestNGException: 
Parameter 'URL' is required by @Test on method sampleTest but has not been marked @Optional or defined
in C:\Users\Mohan\eclipse-workspace\One\testng.xml
at java.base/java.util.ArrayList.forEach(ArrayList.java:1511)
... Removed 26 stack frames]]>
    </failure>
  </testcase> <!-- sampleTest -->
  <testcase classname="Practice.TestNG_Parameters" name="sampleTest2" time="0.012"/>
</testsuite> <!-- tESTING -->
